0 info it worked if it ends with ok
1 verbose cli [ '/usr/local/bin/node',
1 verbose cli   '/usr/local/bin/npm',
1 verbose cli   'i',
1 verbose cli   '-g',
1 verbose cli   'elm-format' ]
2 info using npm@2.14.22
3 info using node@v6.2.2
4 verbose install initial load of /usr/local/lib/package.json
5 verbose readDependencies loading dependencies from /usr/local/lib/package.json
6 silly cache add args [ 'elm-format', null ]
7 verbose cache add spec elm-format
8 silly cache add parsed spec Result {
8 silly cache add   raw: 'elm-format',
8 silly cache add   scope: null,
8 silly cache add   name: 'elm-format',
8 silly cache add   rawSpec: '',
8 silly cache add   spec: 'latest',
8 silly cache add   type: 'tag' }
9 silly addNamed elm-format@latest
10 verbose addNamed "latest" is being treated as a dist-tag for elm-format
11 info addNameTag [ 'elm-format', 'latest' ]
12 silly mapToRegistry name elm-format
13 silly mapToRegistry using default registry
14 silly mapToRegistry registry https://registry.npmjs.org/
15 silly mapToRegistry uri https://registry.npmjs.org/elm-format
16 verbose addNameTag registry:https://registry.npmjs.org/elm-format not in flight; fetching
17 verbose request uri https://registry.npmjs.org/elm-format
18 verbose request no auth needed
19 info attempt registry request try #1 at 10:46:13 PM
20 verbose request using bearer token for auth
21 verbose request id 563e1bdce9a4d7b6
22 http request GET https://registry.npmjs.org/elm-format
23 http 404 https://registry.npmjs.org/elm-format
24 verbose headers { 'content-type': 'application/json',
24 verbose headers   'cache-control': 'max-age=0',
24 verbose headers   'content-length': '2',
24 verbose headers   'accept-ranges': 'bytes',
24 verbose headers   date: 'Fri, 02 Sep 2016 20:46:14 GMT',
24 verbose headers   via: '1.1 varnish',
24 verbose headers   connection: 'keep-alive',
24 verbose headers   'x-served-by': 'cache-bma7031-BMA',
24 verbose headers   'x-cache': 'MISS',
24 verbose headers   'x-cache-hits': '0',
24 verbose headers   'x-timer': 'S1472849174.166092,VS0,VE502',
24 verbose headers   vary: 'Accept-Encoding' }
25 silly get cb [ 404,
25 silly get   { 'content-type': 'application/json',
25 silly get     'cache-control': 'max-age=0',
25 silly get     'content-length': '2',
25 silly get     'accept-ranges': 'bytes',
25 silly get     date: 'Fri, 02 Sep 2016 20:46:14 GMT',
25 silly get     via: '1.1 varnish',
25 silly get     connection: 'keep-alive',
25 silly get     'x-served-by': 'cache-bma7031-BMA',
25 silly get     'x-cache': 'MISS',
25 silly get     'x-cache-hits': '0',
25 silly get     'x-timer': 'S1472849174.166092,VS0,VE502',
25 silly get     vary: 'Accept-Encoding' } ]
26 verbose stack Error: Registry returned 404 for GET on https://registry.npmjs.org/elm-format
26 verbose stack     at makeError (/usr/local/lib/node_modules/npm/node_modules/npm-registry-client/lib/request.js:264:12)
26 verbose stack     at CachingRegistryClient.<anonymous> (/usr/local/lib/node_modules/npm/node_modules/npm-registry-client/lib/request.js:242:14)
26 verbose stack     at Request._callback (/usr/local/lib/node_modules/npm/node_modules/npm-registry-client/lib/request.js:172:14)
26 verbose stack     at Request.self.callback (/usr/local/lib/node_modules/npm/node_modules/request/request.js:199:22)
26 verbose stack     at emitTwo (events.js:106:13)
26 verbose stack     at Request.emit (events.js:191:7)
26 verbose stack     at Request.<anonymous> (/usr/local/lib/node_modules/npm/node_modules/request/request.js:1036:10)
26 verbose stack     at emitOne (events.js:101:20)
26 verbose stack     at Request.emit (events.js:188:7)
26 verbose stack     at IncomingMessage.<anonymous> (/usr/local/lib/node_modules/npm/node_modules/request/request.js:963:12)
27 verbose statusCode 404
28 verbose pkgid elm-format
29 verbose cwd /Users/vojtatranta/elm/elm-bulanci
30 error Darwin 15.0.0
31 error argv "/usr/local/bin/node" "/usr/local/bin/npm" "i" "-g" "elm-format"
32 error node v6.2.2
33 error npm  v2.14.22
34 error code E404
35 error 404 Registry returned 404 for GET on https://registry.npmjs.org/elm-format
35 error 404
35 error 404 'elm-format' is not in the npm registry.
35 error 404 You should bug the author to publish it (or use the name yourself!)
35 error 404
35 error 404 Note that you can also install from a
35 error 404 tarball, folder, http url, or git url.
36 verbose exit [ 1, true ]
